<?xml version="1.0" encoding="UTF-8"?>
<!-- Generated by org.testng.reporters.JUnitXMLReporter -->
<testsuite hostname="Sys-PC" name="NewUserRegistration" tests="2" failures="0" timestamp="23 Mar 2018 18:16:56 GMT" time="72.179" errors="0">
  <testcase name="Register" time="5.214" classname="com.DataDriven.NewTours_NewUserRegistartion_MultipleTestData"/>
  <testcase name="UserRegistration" time="48.6" classname="com.DataDriven.NewTours_NewUserRegistartion_MultipleTestData"/>
</testsuite> <!-- NewUserRegistration -->
